{
  "RSpec": {
    "coverage": {
      "/Users/montyp/mod2/solo_little_shop/app/models/coupon.rb": {
        "lines": [
          1,
          null,
          1,
          1,
          1,
          null,
          1,
          1,
          1,
          1,
          null,
          1,
          null,
          1,
          26,
          1,
          null,
          null,
          null,
          1,
          26,
          3,
          null,
          null,
          null
        ]
      },
      "/Users/montyp/mod2/solo_little_shop/app/models/application_record.rb": {
        "lines": [
          1,
          1,
          null
        ]
      },
      "/Users/montyp/mod2/solo_little_shop/app/models/customer.rb": {
        "lines": [
          1,
          1,
          null,
          1,
          1,
          null,
          1,
          0,
          null,
          null
        ]
      },
      "/Users/montyp/mod2/solo_little_shop/app/models/invoice_item.rb": {
        "lines": [
          1,
          1,
          1,
          null,
          1,
          1,
          1,
          1,
          null
        ]
      },
      "/Users/montyp/mod2/solo_little_shop/app/models/invoice.rb": {
        "lines": [
          1,
          1,
          1,
          1,
          null,
          1,
          1,
          null,
          1,
          1,
          1,
          null,
          1,
          null,
          1,
          0,
          null,
          null,
          1,
          0,
          null,
          null,
          1,
          0,
          null,
          null,
          1,
          0,
          null,
          null,
          null
        ]
      },
      "/Users/montyp/mod2/solo_little_shop/app/models/item.rb": {
        "lines": [
          1,
          1,
          1,
          null,
          1,
          1,
          1,
          1,
          null,
          1,
          3,
          null,
          null,
          1,
          5,
          null,
          5,
          3,
          3,
          null,
          null,
          5,
          2,
          2,
          null,
          null,
          5,
          null,
          null,
          1,
          1,
          null,
          null,
          1,
          3,
          null,
          null,
          null
        ]
      },
      "/Users/montyp/mod2/solo_little_shop/app/models/merchant.rb": {
        "lines": [
          1,
          1,
          1,
          1,
          null,
          1,
          null,
          1,
          0,
          null,
          null,
          1,
          0,
          null,
          null,
          1,
          0,
          null,
          null,
          1,
          3,
          null,
          null,
          1,
          26,
          null,
          null,
          null
        ]
      },
      "/Users/montyp/mod2/solo_little_shop/app/models/transaction.rb": {
        "lines": [
          1,
          1,
          null,
          1,
          1,
          1,
          1,
          null
        ]
      },
      "/Users/montyp/mod2/solo_little_shop/app/errors/invalid_price_error.rb": {
        "lines": [
          0,
          null,
          0
        ],
        "branches": {
        }
      },
      "/Users/montyp/mod2/solo_little_shop/app/errors/invalid_price_params_error.rb": {
        "lines": [
          0,
          null,
          0
        ],
        "branches": {
        }
      }
    },
    "timestamp": 1737400251
  }
}
